{"/Users/mattmax/Desktop/test-repository/non-persistent-models/Student.js":{"path":"/Users/mattmax/Desktop/test-repository/non-persistent-models/Student.js","s":{"1":1,"2":1,"3":1,"4":7,"5":7,"6":7,"7":7,"8":7,"9":1,"10":1,"11":1,"12":1,"13":0,"14":1},"b":{},"f":{"1":7,"2":7,"3":1,"4":0},"fnMap":{"1":{"name":"Student","line":5,"loc":{"start":{"line":5,"column":0},"end":{"line":5,"column":19}}},"2":{"name":"(anonymous_2)","line":7,"loc":{"start":{"line":7,"column":17},"end":{"line":7,"column":40}}},"3":{"name":"(anonymous_3)","line":19,"loc":{"start":{"line":19,"column":18},"end":{"line":19,"column":30}}},"4":{"name":"(anonymous_4)","line":23,"loc":{"start":{"line":23,"column":14},"end":{"line":23,"column":26}}}},"statementMap":{"1":{"start":{"line":3,"column":0},"end":{"line":3,"column":27}},"2":{"start":{"line":5,"column":0},"end":{"line":5,"column":21}},"3":{"start":{"line":7,"column":0},"end":{"line":15,"column":2}},"4":{"start":{"line":8,"column":1},"end":{"line":8,"column":29}},"5":{"start":{"line":10,"column":1},"end":{"line":10,"column":21}},"6":{"start":{"line":11,"column":1},"end":{"line":11,"column":23}},"7":{"start":{"line":12,"column":1},"end":{"line":12,"column":24}},"8":{"start":{"line":14,"column":1},"end":{"line":14,"column":16}},"9":{"start":{"line":17,"column":0},"end":{"line":17,"column":27}},"10":{"start":{"line":19,"column":0},"end":{"line":21,"column":2}},"11":{"start":{"line":20,"column":1},"end":{"line":20,"column":14}},"12":{"start":{"line":23,"column":0},"end":{"line":25,"column":2}},"13":{"start":{"line":24,"column":1},"end":{"line":24,"column":35}},"14":{"start":{"line":27,"column":0},"end":{"line":27,"column":25}}},"branchMap":{}},"/Users/mattmax/Desktop/test-repository/non-persistent-models/Course.js":{"path":"/Users/mattmax/Desktop/test-repository/non-persistent-models/Course.js","s":{"1":1,"2":1,"3":5,"4":5,"5":5,"6":5,"7":5,"8":5,"9":5,"10":1,"11":1,"12":1,"13":1,"14":1,"15":1,"16":0,"17":0,"18":0,"19":1,"20":1,"21":2,"22":2,"23":1,"24":2,"25":1,"26":2,"27":2,"28":4,"29":1,"30":3,"31":6,"32":1,"33":0,"34":0,"35":0,"36":0,"37":0,"38":0,"39":0,"40":1,"41":0,"42":0,"43":0,"44":0,"45":0,"46":0,"47":0,"48":1},"b":{"1":[1,0],"2":[0,0],"3":[1,1],"4":[1,1],"5":[1,3],"6":[0,0],"7":[0,0]},"f":{"1":5,"2":5,"3":1,"4":1,"5":0,"6":2,"7":4,"8":6,"9":0,"10":0,"11":0,"12":0},"fnMap":{"1":{"name":"Course","line":3,"loc":{"start":{"line":3,"column":0},"end":{"line":3,"column":18}}},"2":{"name":"(anonymous_2)","line":5,"loc":{"start":{"line":5,"column":16},"end":{"line":5,"column":51}}},"3":{"name":"(anonymous_3)","line":20,"loc":{"start":{"line":20,"column":21},"end":{"line":20,"column":40}}},"4":{"name":"(anonymous_4)","line":24,"loc":{"start":{"line":24,"column":23},"end":{"line":24,"column":44}}},"5":{"name":"(anonymous_5)","line":27,"loc":{"start":{"line":27,"column":25},"end":{"line":27,"column":47}}},"6":{"name":"(anonymous_6)","line":37,"loc":{"start":{"line":37,"column":14},"end":{"line":37,"column":37}}},"7":{"name":"(anonymous_7)","line":58,"loc":{"start":{"line":58,"column":14},"end":{"line":58,"column":29}}},"8":{"name":"(anonymous_8)","line":62,"loc":{"start":{"line":62,"column":16},"end":{"line":62,"column":32}}},"9":{"name":"(anonymous_9)","line":71,"loc":{"start":{"line":71,"column":18},"end":{"line":71,"column":30}}},"10":{"name":"(anonymous_10)","line":74,"loc":{"start":{"line":74,"column":20},"end":{"line":74,"column":36}}},"11":{"name":"(anonymous_11)","line":86,"loc":{"start":{"line":86,"column":18},"end":{"line":86,"column":30}}},"12":{"name":"(anonymous_12)","line":89,"loc":{"start":{"line":89,"column":23},"end":{"line":89,"column":42}}}},"statementMap":{"1":{"start":{"line":3,"column":0},"end":{"line":3,"column":20}},"2":{"start":{"line":5,"column":0},"end":{"line":16,"column":2}},"3":{"start":{"line":6,"column":1},"end":{"line":6,"column":27}},"4":{"start":{"line":8,"column":1},"end":{"line":8,"column":20}},"5":{"start":{"line":9,"column":1},"end":{"line":9,"column":20}},"6":{"start":{"line":10,"column":1},"end":{"line":10,"column":34}},"7":{"start":{"line":12,"column":1},"end":{"line":12,"column":22}},"8":{"start":{"line":13,"column":1},"end":{"line":13,"column":19}},"9":{"start":{"line":15,"column":1},"end":{"line":15,"column":15}},"10":{"start":{"line":18,"column":0},"end":{"line":18,"column":26}},"11":{"start":{"line":20,"column":0},"end":{"line":22,"column":2}},"12":{"start":{"line":21,"column":1},"end":{"line":21,"column":29}},"13":{"start":{"line":24,"column":0},"end":{"line":35,"column":2}},"14":{"start":{"line":25,"column":1},"end":{"line":25,"column":15}},"15":{"start":{"line":27,"column":1},"end":{"line":34,"column":2}},"16":{"start":{"line":28,"column":2},"end":{"line":31,"column":3}},"17":{"start":{"line":29,"column":3},"end":{"line":29,"column":28}},"18":{"start":{"line":30,"column":3},"end":{"line":30,"column":15}},"19":{"start":{"line":33,"column":2},"end":{"line":33,"column":79}},"20":{"start":{"line":37,"column":0},"end":{"line":69,"column":2}},"21":{"start":{"line":38,"column":1},"end":{"line":38,"column":15}},"22":{"start":{"line":40,"column":1},"end":{"line":42,"column":2}},"23":{"start":{"line":41,"column":2},"end":{"line":41,"column":16}},"24":{"start":{"line":44,"column":1},"end":{"line":46,"column":2}},"25":{"start":{"line":45,"column":2},"end":{"line":45,"column":18}},"26":{"start":{"line":48,"column":1},"end":{"line":56,"column":3}},"27":{"start":{"line":58,"column":1},"end":{"line":68,"column":4}},"28":{"start":{"line":59,"column":2},"end":{"line":61,"column":3}},"29":{"start":{"line":60,"column":3},"end":{"line":60,"column":46}},"30":{"start":{"line":62,"column":2},"end":{"line":67,"column":5}},"31":{"start":{"line":63,"column":3},"end":{"line":66,"column":6}},"32":{"start":{"line":71,"column":0},"end":{"line":84,"column":2}},"33":{"start":{"line":72,"column":1},"end":{"line":72,"column":39}},"34":{"start":{"line":74,"column":1},"end":{"line":81,"column":4}},"35":{"start":{"line":75,"column":2},"end":{"line":77,"column":3}},"36":{"start":{"line":76,"column":3},"end":{"line":76,"column":26}},"37":{"start":{"line":78,"column":2},"end":{"line":78,"column":16}},"38":{"start":{"line":80,"column":2},"end":{"line":80,"column":50}},"39":{"start":{"line":83,"column":1},"end":{"line":83,"column":23}},"40":{"start":{"line":86,"column":0},"end":{"line":99,"column":2}},"41":{"start":{"line":87,"column":1},"end":{"line":87,"column":38}},"42":{"start":{"line":89,"column":1},"end":{"line":96,"column":4}},"43":{"start":{"line":90,"column":2},"end":{"line":92,"column":3}},"44":{"start":{"line":91,"column":3},"end":{"line":91,"column":25}},"45":{"start":{"line":93,"column":2},"end":{"line":93,"column":16}},"46":{"start":{"line":95,"column":2},"end":{"line":95,"column":38}},"47":{"start":{"line":98,"column":1},"end":{"line":98,"column":22}},"48":{"start":{"line":101,"column":0},"end":{"line":101,"column":24}}},"branchMap":{"1":{"line":27,"type":"if","locations":[{"start":{"line":27,"column":1},"end":{"line":27,"column":1}},{"start":{"line":27,"column":1},"end":{"line":27,"column":1}}]},"2":{"line":28,"type":"if","locations":[{"start":{"line":28,"column":2},"end":{"line":28,"column":2}},{"start":{"line":28,"column":2},"end":{"line":28,"column":2}}]},"3":{"line":40,"type":"if","locations":[{"start":{"line":40,"column":1},"end":{"line":40,"column":1}},{"start":{"line":40,"column":1},"end":{"line":40,"column":1}}]},"4":{"line":44,"type":"if","locations":[{"start":{"line":44,"column":1},"end":{"line":44,"column":1}},{"start":{"line":44,"column":1},"end":{"line":44,"column":1}}]},"5":{"line":59,"type":"if","locations":[{"start":{"line":59,"column":2},"end":{"line":59,"column":2}},{"start":{"line":59,"column":2},"end":{"line":59,"column":2}}]},"6":{"line":75,"type":"if","locations":[{"start":{"line":75,"column":2},"end":{"line":75,"column":2}},{"start":{"line":75,"column":2},"end":{"line":75,"column":2}}]},"7":{"line":90,"type":"if","locations":[{"start":{"line":90,"column":2},"end":{"line":90,"column":2}},{"start":{"line":90,"column":2},"end":{"line":90,"column":2}}]}}},"/Users/mattmax/Desktop/test-repository/core/DataLoader.js":{"path":"/Users/mattmax/Desktop/test-repository/core/DataLoader.js","s":{"1":1,"2":1,"3":1,"4":1,"5":1,"6":1,"7":1,"8":1,"9":0,"10":0,"11":0,"12":1,"13":1,"14":1,"15":1,"16":1,"17":1,"18":1},"b":{"1":[0,1],"2":[0,0],"3":[0,0]},"f":{"1":3,"2":1,"3":1,"4":1,"5":0,"6":0},"fnMap":{"1":{"name":"DataLoader","line":8,"loc":{"start":{"line":8,"column":0},"end":{"line":8,"column":22}}},"2":{"name":"(anonymous_2)","line":12,"loc":{"start":{"line":12,"column":16},"end":{"line":12,"column":40}}},"3":{"name":"(anonymous_3)","line":15,"loc":{"start":{"line":15,"column":26},"end":{"line":15,"column":45}}},"4":{"name":"(anonymous_4)","line":27,"loc":{"start":{"line":27,"column":20},"end":{"line":27,"column":41}}},"5":{"name":"(anonymous_5)","line":33,"loc":{"start":{"line":33,"column":19},"end":{"line":33,"column":31}}},"6":{"name":"(anonymous_6)","line":35,"loc":{"start":{"line":35,"column":20},"end":{"line":35,"column":32}}}},"statementMap":{"1":{"start":{"line":4,"column":0},"end":{"line":4,"column":29}},"2":{"start":{"line":6,"column":0},"end":{"line":6,"column":27}},"3":{"start":{"line":8,"column":0},"end":{"line":8,"column":24}},"4":{"start":{"line":10,"column":0},"end":{"line":10,"column":26}},"5":{"start":{"line":12,"column":0},"end":{"line":25,"column":2}},"6":{"start":{"line":13,"column":4},"end":{"line":13,"column":46}},"7":{"start":{"line":15,"column":4},"end":{"line":24,"column":7}},"8":{"start":{"line":16,"column":8},"end":{"line":21,"column":9}},"9":{"start":{"line":17,"column":12},"end":{"line":19,"column":13}},"10":{"start":{"line":18,"column":16},"end":{"line":18,"column":72}},"11":{"start":{"line":20,"column":12},"end":{"line":20,"column":22}},"12":{"start":{"line":23,"column":8},"end":{"line":23,"column":29}},"13":{"start":{"line":27,"column":0},"end":{"line":31,"column":2}},"14":{"start":{"line":28,"column":4},"end":{"line":28,"column":46}},"15":{"start":{"line":30,"column":4},"end":{"line":30,"column":49}},"16":{"start":{"line":33,"column":0},"end":{"line":33,"column":34}},"17":{"start":{"line":35,"column":0},"end":{"line":35,"column":35}},"18":{"start":{"line":37,"column":0},"end":{"line":37,"column":28}}},"branchMap":{"1":{"line":16,"type":"if","locations":[{"start":{"line":16,"column":8},"end":{"line":16,"column":8}},{"start":{"line":16,"column":8},"end":{"line":16,"column":8}}]},"2":{"line":17,"type":"if","locations":[{"start":{"line":17,"column":12},"end":{"line":17,"column":12}},{"start":{"line":17,"column":12},"end":{"line":17,"column":12}}]},"3":{"line":17,"type":"binary-expr","locations":[{"start":{"line":17,"column":16},"end":{"line":17,"column":24}},{"start":{"line":17,"column":28},"end":{"line":17,"column":49}}]}}},"/Users/mattmax/Desktop/test-repository/persistent-models/Course.js":{"path":"/Users/mattmax/Desktop/test-repository/persistent-models/Course.js","s":{"1":1,"2":2,"3":1,"4":2,"5":2,"6":6,"7":2,"8":2,"9":2,"10":2,"11":1,"12":1,"13":3,"14":3,"15":1,"16":2},"b":{"1":[3,0]},"f":{"1":2,"2":2,"3":6,"4":2,"5":1,"6":3},"fnMap":{"1":{"name":"(anonymous_1)","line":3,"loc":{"start":{"line":3,"column":24},"end":{"line":3,"column":46}}},"2":{"name":"Course","line":7,"loc":{"start":{"line":7,"column":4},"end":{"line":7,"column":26}}},"3":{"name":"(anonymous_3)","line":10,"loc":{"start":{"line":10,"column":34},"end":{"line":10,"column":49}}},"4":{"name":"(anonymous_4)","line":15,"loc":{"start":{"line":15,"column":19},"end":{"line":15,"column":39}}},"5":{"name":"(anonymous_5)","line":21,"loc":{"start":{"line":21,"column":15},"end":{"line":21,"column":27}}},"6":{"name":"(anonymous_6)","line":25,"loc":{"start":{"line":25,"column":32},"end":{"line":25,"column":47}}}},"statementMap":{"1":{"start":{"line":3,"column":0},"end":{"line":35,"column":2}},"2":{"start":{"line":5,"column":4},"end":{"line":5,"column":11}},"3":{"start":{"line":7,"column":4},"end":{"line":13,"column":5}},"4":{"start":{"line":8,"column":8},"end":{"line":8,"column":22}},"5":{"start":{"line":10,"column":8},"end":{"line":12,"column":11}},"6":{"start":{"line":11,"column":12},"end":{"line":11,"column":32}},"7":{"start":{"line":15,"column":4},"end":{"line":17,"column":6}},"8":{"start":{"line":16,"column":8},"end":{"line":16,"column":62}},"9":{"start":{"line":19,"column":4},"end":{"line":19,"column":26}},"10":{"start":{"line":21,"column":4},"end":{"line":32,"column":6}},"11":{"start":{"line":22,"column":8},"end":{"line":23,"column":20}},"12":{"start":{"line":25,"column":8},"end":{"line":29,"column":11}},"13":{"start":{"line":26,"column":12},"end":{"line":28,"column":13}},"14":{"start":{"line":27,"column":16},"end":{"line":27,"column":38}},"15":{"start":{"line":31,"column":8},"end":{"line":31,"column":56}},"16":{"start":{"line":34,"column":4},"end":{"line":34,"column":18}}},"branchMap":{"1":{"line":26,"type":"if","locations":[{"start":{"line":26,"column":12},"end":{"line":26,"column":12}},{"start":{"line":26,"column":12},"end":{"line":26,"column":12}}]}}},"/Users/mattmax/Desktop/test-repository/persistent-models/Student.js":{"path":"/Users/mattmax/Desktop/test-repository/persistent-models/Student.js","s":{"1":1,"2":2,"3":1,"4":2,"5":2,"6":4,"7":2,"8":2,"9":2,"10":2,"11":0,"12":0,"13":0,"14":0,"15":0,"16":2},"b":{"1":[0,0]},"f":{"1":2,"2":2,"3":4,"4":2,"5":0,"6":0},"fnMap":{"1":{"name":"(anonymous_1)","line":3,"loc":{"start":{"line":3,"column":24},"end":{"line":3,"column":46}}},"2":{"name":"Student","line":7,"loc":{"start":{"line":7,"column":4},"end":{"line":7,"column":28}}},"3":{"name":"(anonymous_3)","line":10,"loc":{"start":{"line":10,"column":34},"end":{"line":10,"column":49}}},"4":{"name":"(anonymous_4)","line":15,"loc":{"start":{"line":15,"column":20},"end":{"line":15,"column":41}}},"5":{"name":"(anonymous_5)","line":21,"loc":{"start":{"line":21,"column":14},"end":{"line":21,"column":26}}},"6":{"name":"(anonymous_6)","line":25,"loc":{"start":{"line":25,"column":32},"end":{"line":25,"column":47}}}},"statementMap":{"1":{"start":{"line":3,"column":0},"end":{"line":35,"column":2}},"2":{"start":{"line":5,"column":4},"end":{"line":5,"column":11}},"3":{"start":{"line":7,"column":4},"end":{"line":13,"column":5}},"4":{"start":{"line":8,"column":8},"end":{"line":8,"column":22}},"5":{"start":{"line":10,"column":8},"end":{"line":12,"column":11}},"6":{"start":{"line":11,"column":12},"end":{"line":11,"column":32}},"7":{"start":{"line":15,"column":4},"end":{"line":17,"column":6}},"8":{"start":{"line":16,"column":8},"end":{"line":16,"column":65}},"9":{"start":{"line":19,"column":4},"end":{"line":19,"column":27}},"10":{"start":{"line":21,"column":4},"end":{"line":32,"column":6}},"11":{"start":{"line":22,"column":8},"end":{"line":23,"column":20}},"12":{"start":{"line":25,"column":8},"end":{"line":29,"column":11}},"13":{"start":{"line":26,"column":12},"end":{"line":28,"column":13}},"14":{"start":{"line":27,"column":16},"end":{"line":27,"column":38}},"15":{"start":{"line":31,"column":8},"end":{"line":31,"column":54}},"16":{"start":{"line":34,"column":4},"end":{"line":34,"column":19}}},"branchMap":{"1":{"line":26,"type":"if","locations":[{"start":{"line":26,"column":12},"end":{"line":26,"column":12}},{"start":{"line":26,"column":12},"end":{"line":26,"column":12}}]}}},"/Users/mattmax/Desktop/test-repository/persistent-models/Registration.js":{"path":"/Users/mattmax/Desktop/test-repository/persistent-models/Registration.js","s":{"1":1,"2":1,"3":2,"4":2,"5":2,"6":2,"7":1,"8":1,"9":1,"10":1,"11":2},"b":{"1":[2,0],"2":[1,1],"3":[2,2]},"f":{"1":2,"2":0,"3":2},"fnMap":{"1":{"name":"(anonymous_1)","line":3,"loc":{"start":{"line":3,"column":24},"end":{"line":3,"column":51}}},"2":{"name":"Registration","line":5,"loc":{"start":{"line":5,"column":4},"end":{"line":5,"column":29}}},"3":{"name":"(anonymous_3)","line":7,"loc":{"start":{"line":7,"column":44},"end":{"line":7,"column":75}}}},"statementMap":{"1":{"start":{"line":3,"column":0},"end":{"line":23,"column":2}},"2":{"start":{"line":5,"column":4},"end":{"line":5,"column":31}},"3":{"start":{"line":7,"column":4},"end":{"line":20,"column":6}},"4":{"start":{"line":8,"column":8},"end":{"line":9,"column":40}},"5":{"start":{"line":11,"column":8},"end":{"line":11,"column":48}},"6":{"start":{"line":13,"column":8},"end":{"line":17,"column":9}},"7":{"start":{"line":14,"column":12},"end":{"line":14,"column":42}},"8":{"start":{"line":15,"column":12},"end":{"line":15,"column":27}},"9":{"start":{"line":16,"column":12},"end":{"line":16,"column":24}},"10":{"start":{"line":19,"column":8},"end":{"line":19,"column":21}},"11":{"start":{"line":22,"column":4},"end":{"line":22,"column":24}}},"branchMap":{"1":{"line":11,"type":"binary-expr","locations":[{"start":{"line":11,"column":26},"end":{"line":11,"column":41}},{"start":{"line":11,"column":45},"end":{"line":11,"column":47}}]},"2":{"line":13,"type":"if","locations":[{"start":{"line":13,"column":8},"end":{"line":13,"column":8}},{"start":{"line":13,"column":8},"end":{"line":13,"column":8}}]},"3":{"line":13,"type":"binary-expr","locations":[{"start":{"line":13,"column":12},"end":{"line":13,"column":26}},{"start":{"line":13,"column":30},"end":{"line":13,"column":69}}]}}}}