TN:
SF:/Users/mattmax/Desktop/test-repository/non-persistent-models/Student.js
FN:5,Student
FN:7,(anonymous_2)
FN:19,(anonymous_3)
FN:23,(anonymous_4)
FNF:4
FNH:3
FNDA:7,Student
FNDA:7,(anonymous_2)
FNDA:1,(anonymous_3)
FNDA:0,(anonymous_4)
DA:3,1
DA:5,1
DA:7,1
DA:8,7
DA:10,7
DA:11,7
DA:12,7
DA:14,7
DA:17,1
DA:19,1
DA:20,1
DA:23,1
DA:24,0
DA:27,1
LF:14
LH:13
BRF:0
BRH:0
end_of_record
TN:
SF:/Users/mattmax/Desktop/test-repository/non-persistent-models/Course.js
FN:3,Course
FN:5,(anonymous_2)
FN:20,(anonymous_3)
FN:24,(anonymous_4)
FN:27,(anonymous_5)
FN:37,(anonymous_6)
FN:58,(anonymous_7)
FN:62,(anonymous_8)
FN:71,(anonymous_9)
FN:74,(anonymous_10)
FN:86,(anonymous_11)
FN:89,(anonymous_12)
FNF:12
FNH:7
FNDA:5,Course
FNDA:5,(anonymous_2)
FNDA:1,(anonymous_3)
FNDA:1,(anonymous_4)
FNDA:0,(anonymous_5)
FNDA:2,(anonymous_6)
FNDA:4,(anonymous_7)
FNDA:6,(anonymous_8)
FNDA:0,(anonymous_9)
FNDA:0,(anonymous_10)
FNDA:0,(anonymous_11)
FNDA:0,(anonymous_12)
DA:3,1
DA:5,1
DA:6,5
DA:8,5
DA:9,5
DA:10,5
DA:12,5
DA:13,5
DA:15,5
DA:18,1
DA:20,1
DA:21,1
DA:24,1
DA:25,1
DA:27,1
DA:28,0
DA:29,0
DA:30,0
DA:33,1
DA:37,1
DA:38,2
DA:40,2
DA:41,1
DA:44,2
DA:45,1
DA:48,2
DA:58,2
DA:59,4
DA:60,1
DA:62,3
DA:63,6
DA:71,1
DA:72,0
DA:74,0
DA:75,0
DA:76,0
DA:78,0
DA:80,0
DA:83,0
DA:86,1
DA:87,0
DA:89,0
DA:90,0
DA:91,0
DA:93,0
DA:95,0
DA:98,0
DA:101,1
LF:48
LH:31
BRDA:27,1,0,1
BRDA:27,1,1,0
BRDA:28,2,0,0
BRDA:28,2,1,0
BRDA:40,3,0,1
BRDA:40,3,1,1
BRDA:44,4,0,1
BRDA:44,4,1,1
BRDA:59,5,0,1
BRDA:59,5,1,3
BRDA:75,6,0,0
BRDA:75,6,1,0
BRDA:90,7,0,0
BRDA:90,7,1,0
BRF:14
BRH:7
end_of_record
TN:
SF:/Users/mattmax/Desktop/test-repository/core/DataLoader.js
FN:8,DataLoader
FN:12,(anonymous_2)
FN:15,(anonymous_3)
FN:27,(anonymous_4)
FN:33,(anonymous_5)
FN:35,(anonymous_6)
FNF:6
FNH:4
FNDA:3,DataLoader
FNDA:1,(anonymous_2)
FNDA:1,(anonymous_3)
FNDA:1,(anonymous_4)
FNDA:0,(anonymous_5)
FNDA:0,(anonymous_6)
DA:4,1
DA:6,1
DA:8,1
DA:10,1
DA:12,1
DA:13,1
DA:15,1
DA:16,1
DA:17,0
DA:18,0
DA:20,0
DA:23,1
DA:27,1
DA:28,1
DA:30,1
DA:33,1
DA:35,1
DA:37,1
LF:18
LH:15
BRDA:16,1,0,0
BRDA:16,1,1,1
BRDA:17,2,0,0
BRDA:17,2,1,0
BRDA:17,3,0,0
BRDA:17,3,1,0
BRF:6
BRH:1
end_of_record
TN:
SF:/Users/mattmax/Desktop/test-repository/persistent-models/Course.js
FN:3,(anonymous_1)
FN:7,Course
FN:10,(anonymous_3)
FN:15,(anonymous_4)
FN:21,(anonymous_5)
FN:25,(anonymous_6)
FNF:6
FNH:6
FNDA:2,(anonymous_1)
FNDA:2,Course
FNDA:6,(anonymous_3)
FNDA:2,(anonymous_4)
FNDA:1,(anonymous_5)
FNDA:3,(anonymous_6)
DA:3,1
DA:5,2
DA:7,1
DA:8,2
DA:10,2
DA:11,6
DA:15,2
DA:16,2
DA:19,2
DA:21,2
DA:22,1
DA:25,1
DA:26,3
DA:27,3
DA:31,1
DA:34,2
LF:16
LH:16
BRDA:26,1,0,3
BRDA:26,1,1,0
BRF:2
BRH:1
end_of_record
TN:
SF:/Users/mattmax/Desktop/test-repository/persistent-models/Student.js
FN:3,(anonymous_1)
FN:7,Student
FN:10,(anonymous_3)
FN:15,(anonymous_4)
FN:21,(anonymous_5)
FN:25,(anonymous_6)
FNF:6
FNH:4
FNDA:2,(anonymous_1)
FNDA:2,Student
FNDA:4,(anonymous_3)
FNDA:2,(anonymous_4)
FNDA:0,(anonymous_5)
FNDA:0,(anonymous_6)
DA:3,1
DA:5,2
DA:7,1
DA:8,2
DA:10,2
DA:11,4
DA:15,2
DA:16,2
DA:19,2
DA:21,2
DA:22,0
DA:25,0
DA:26,0
DA:27,0
DA:31,0
DA:34,2
LF:16
LH:11
BRDA:26,1,0,0
BRDA:26,1,1,0
BRF:2
BRH:0
end_of_record
TN:
SF:/Users/mattmax/Desktop/test-repository/persistent-models/Registration.js
FN:3,(anonymous_1)
FN:5,Registration
FN:7,(anonymous_3)
FNF:3
FNH:2
FNDA:2,(anonymous_1)
FNDA:0,Registration
FNDA:2,(anonymous_3)
DA:3,1
DA:5,1
DA:7,2
DA:8,2
DA:11,2
DA:13,2
DA:14,1
DA:15,1
DA:16,1
DA:19,1
DA:22,2
LF:11
LH:11
BRDA:11,1,0,2
BRDA:11,1,1,0
BRDA:13,2,0,1
BRDA:13,2,1,1
BRDA:13,3,0,2
BRDA:13,3,1,2
BRF:6
BRH:5
end_of_record
